# JRE version: OpenJDK Runtime Environment (11.0.10) (build 11.0.10+0-b96-7249189)
# Java VM: OpenJDK 64-Bit Server VM (11.0.10+0-b96-7249189, mixed mode, tiered, compressed oops, g1 gc, windows-amd64)
Heap:
 garbage-first heap   total 547840K, used 207420K [0x0000000080000000, 0x0000000100000000)
  region size 1024K, 2 young (2048K), 2 survivors (2048K)
 Metaspace       used 111738K, capacity 114994K, committed 115072K, reserved 1148928K
  class space    used 14512K, capacity 15718K, committed 15744K, reserved 1048576K
GC Heap History (20 events):
Event: 34.782 GC heap after
{Heap after GC invocations=45 (full 0):
 garbage-first heap   total 199680K, used 160087K [0x0000000080000000, 0x0000000100000000)
  region size 1024K, 2 young (2048K), 2 survivors (2048K)
 Metaspace       used 107738K, capacity 110711K, committed 110976K, reserved 1144832K
  class space    used 13774K, capacity 14877K, committed 14976K, reserved 1048576K
}
Event: 34.890 GC heap before
{Heap before GC invocations=45 (full 0):
 garbage-first heap   total 199680K, used 169303K [0x0000000080000000, 0x0000000100000000)
  region size 1024K, 11 young (11264K), 2 survivors (2048K)
 Metaspace       used 108567K, capacity 111614K, committed 111872K, reserved 1146880K
  class space    used 13951K, capacity 15055K, committed 15104K, reserved 1048576K
}
Event: 34.898 GC heap after
{Heap after GC invocations=46 (full 0):
 garbage-first heap   total 199680K, used 164185K [0x0000000080000000, 0x0000000100000000)
  region size 1024K, 2 young (2048K), 2 survivors (2048K)
 Metaspace       used 108567K, capacity 111614K, committed 111872K, reserved 1146880K
  class space    used 13951K, capacity 15055K, committed 15104K, reserved 1048576K
}
Event: 35.012 GC heap before
{Heap before GC invocations=46 (full 0):
 garbage-first heap   total 199680K, used 171353K [0x0000000080000000, 0x0000000100000000)
  region size 1024K, 9 young (9216K), 2 survivors (2048K)
 Metaspace       used 109832K, capacity 112917K, committed 113024K, reserved 1146880K
  class space    used 14259K, capacity 15411K, committed 15488K, reserved 1048576K
}
Event: 35.021 GC heap after
{Heap after GC invocations=47 (full 0):
 garbage-first heap   total 199680K, used 166773K [0x0000000080000000, 0x0000000100000000)
  region size 1024K, 2 young (2048K), 2 survivors (2048K)
 Metaspace       used 109832K, capacity 112917K, committed 113024K, reserved 1146880K
  class space    used 14259K, capacity 15411K, committed 15488K, reserved 1048576K
}
Event: 35.072 GC heap before
{Heap before GC invocations=48 (full 0):
 garbage-first heap   total 199680K, used 173941K [0x0000000080000000, 0x0000000100000000)
  region size 1024K, 9 young (9216K), 2 survivors (2048K)
 Metaspace       used 109904K, capacity 112989K, committed 113280K, reserved 1146880K
  class space    used 14260K, capacity 15411K, committed 15488K, reserved 1048576K
}
Event: 35.078 GC heap after
{Heap after GC invocations=49 (full 0):
 garbage-first heap   total 199680K, used 169984K [0x0000000080000000, 0x0000000100000000)
  region size 1024K, 2 young (2048K), 2 survivors (2048K)
 Metaspace       used 109904K, capacity 112989K, committed 113280K, reserved 1146880K
  class space    used 14260K, capacity 15411K, committed 15488K, reserved 1048576K
}
Event: 35.104 GC heap before
{Heap before GC invocations=49 (full 0):
 garbage-first heap   total 199680K, used 176128K [0x0000000080000000, 0x0000000100000000)
  region size 1024K, 9 young (9216K), 2 survivors (2048K)
 Metaspace       used 109919K, capacity 112989K, committed 113280K, reserved 1146880K
  class space    used 14260K, capacity 15411K, committed 15488K, reserved 1048576K
}
Event: 35.115 GC heap after
{Heap after GC invocations=50 (full 0):
 garbage-first heap   total 199680K, used 170804K [0x0000000080000000, 0x0000000100000000)
  region size 1024K, 2 young (2048K), 2 survivors (2048K)
 Metaspace       used 109919K, capacity 112989K, committed 113280K, reserved 1146880K
  class space    used 14260K, capacity 15411K, committed 15488K, reserved 1048576K
}
Event: 35.139 GC heap before
{Heap before GC invocations=50 (full 0):
 garbage-first heap   total 199680K, used 177972K [0x0000000080000000, 0x0000000100000000)
  region size 1024K, 9 young (9216K), 2 survivors (2048K)
 Metaspace       used 109936K, capacity 113053K, committed 113280K, reserved 1146880K
  class space    used 14260K, capacity 15411K, committed 15488K, reserved 1048576K
}
Event: 35.147 GC heap after
{Heap after GC invocations=51 (full 0):
 garbage-first heap   total 199680K, used 174758K [0x0000000080000000, 0x0000000100000000)
  region size 1024K, 2 young (2048K), 2 survivors (2048K)
 Metaspace       used 109936K, capacity 113053K, committed 113280K, reserved 1146880K
  class space    used 14260K, capacity 15411K, committed 15488K, reserved 1048576K
}
Event: 35.178 GC heap before
{Heap before GC invocations=51 (full 0):
 garbage-first heap   total 199680K, used 180902K [0x0000000080000000, 0x0000000100000000)
  region size 1024K, 9 young (9216K), 2 survivors (2048K)
 Metaspace       used 109960K, capacity 113055K, committed 113280K, reserved 1146880K
  class space    used 14260K, capacity 15411K, committed 15488K, reserved 1048576K
}
Event: 35.186 GC heap after
{Heap after GC invocations=52 (full 0):
 garbage-first heap   total 267264K, used 178563K [0x0000000080000000, 0x0000000100000000)
  region size 1024K, 2 young (2048K), 2 survivors (2048K)
 Metaspace       used 109960K, capacity 113055K, committed 113280K, reserved 1146880K
  class space    used 14260K, capacity 15411K, committed 15488K, reserved 1048576K
}
Event: 35.275 GC heap before
{Heap before GC invocations=52 (full 0):
 garbage-first heap   total 267264K, used 201091K [0x0000000080000000, 0x0000000100000000)
  region size 1024K, 24 young (24576K), 2 survivors (2048K)
 Metaspace       used 109979K, capacity 113061K, committed 113280K, reserved 1146880K
  class space    used 14260K, capacity 15412K, committed 15488K, reserved 1048576K
}
Event: 35.286 GC heap after
{Heap after GC invocations=53 (full 0):
 garbage-first heap   total 267264K, used 191089K [0x0000000080000000, 0x0000000100000000)
  region size 1024K, 3 young (3072K), 3 survivors (3072K)
 Metaspace       used 109979K, capacity 113061K, committed 113280K, reserved 1146880K
  class space    used 14260K, capacity 15412K, committed 15488K, reserved 1048576K
}
Event: 35.381 GC heap before
{Heap before GC invocations=53 (full 0):
 garbage-first heap   total 267264K, used 208497K [0x0000000080000000, 0x0000000100000000)
  region size 1024K, 21 young (21504K), 3 survivors (3072K)
 Metaspace       used 109882K, capacity 112901K, committed 113280K, reserved 1146880K
  class space    used 14225K, capacity 15347K, committed 15488K, reserved 1048576K
}
Event: 35.394 GC heap after
{Heap after GC invocations=54 (full 0):
 garbage-first heap   total 267264K, used 201372K [0x0000000080000000, 0x0000000100000000)
  region size 1024K, 3 young (3072K), 3 survivors (3072K)
 Metaspace       used 109882K, capacity 112901K, committed 113280K, reserved 1146880K
  class space    used 14225K, capacity 15347K, committed 15488K, reserved 1048576K
}
Event: 35.591 GC heap before
{Heap before GC invocations=55 (full 0):
 garbage-first heap   total 267264K, used 216732K [0x0000000080000000, 0x0000000100000000)
  region size 1024K, 18 young (18432K), 3 survivors (3072K)
 Metaspace       used 111220K, capacity 114368K, committed 114432K, reserved 1148928K
  class space    used 14421K, capacity 15574K, committed 15616K, reserved 1048576K
}
Event: 35.616 GC heap after
{Heap after GC invocations=56 (full 0):
 garbage-first heap   total 267264K, used 205295K [0x0000000080000000, 0x0000000100000000)
  region size 1024K, 3 young (3072K), 3 survivors (3072K)
 Metaspace       used 111220K, capacity 114368K, committed 114432K, reserved 1148928K
  class space    used 14421K, capacity 15574K, committed 15616K, reserved 1048576K
}
Event: 35.793 GC heap before
{Heap before GC invocations=56 (full 0):
 garbage-first heap   total 267264K, used 218607K [0x0000000080000000, 0x0000000100000000)
  region size 1024K, 17 young (17408K), 3 survivors (3072K)
 Metaspace       used 111738K, capacity 114994K, committed 115072K, reserved 1148928K
  class space    used 14512K, capacity 15718K, committed 15744K, reserved 1048576K
}

