# JRE version: OpenJDK Runtime Environment (11.0.10) (build 11.0.10+0-b96-7249189)
# Java VM: OpenJDK 64-Bit Server VM (11.0.10+0-b96-7249189, mixed mode, tiered, compressed oops, g1 gc, windows-amd64)
Heap:
 garbage-first heap   total 425984K, used 259141K [0x0000000080000000, 0x0000000100000000)
  region size 1024K, 49 young (50176K), 3 survivors (3072K)
 Metaspace       used 127674K, capacity 130829K, committed 131200K, reserved 1163264K
  class space    used 16133K, capacity 17303K, committed 17356K, reserved 1048576K
GC Heap History (20 events):
Event: 105.177 GC heap before
{Heap before GC invocations=72 (full 0):
 garbage-first heap   total 425984K, used 305476K [0x0000000080000000, 0x0000000100000000)
  region size 1024K, 111 young (113664K), 6 survivors (6144K)
 Metaspace       used 127199K, capacity 130408K, committed 130432K, reserved 1163264K
  class space    used 16144K, capacity 17342K, committed 17356K, reserved 1048576K
}
Event: 105.208 GC heap after
{Heap after GC invocations=73 (full 0):
 garbage-first heap   total 425984K, used 223071K [0x0000000080000000, 0x0000000100000000)
  region size 1024K, 14 young (14336K), 14 survivors (14336K)
 Metaspace       used 127199K, capacity 130408K, committed 130432K, reserved 1163264K
  class space    used 16144K, capacity 17342K, committed 17356K, reserved 1048576K
}
Event: 105.984 GC heap before
{Heap before GC invocations=73 (full 0):
 garbage-first heap   total 425984K, used 323423K [0x0000000080000000, 0x0000000100000000)
  region size 1024K, 104 young (106496K), 14 survivors (14336K)
 Metaspace       used 127292K, capacity 130537K, committed 130688K, reserved 1163264K
  class space    used 16145K, capacity 17342K, committed 17356K, reserved 1048576K
}
Event: 106.001 GC heap after
{Heap after GC invocations=74 (full 0):
 garbage-first heap   total 425984K, used 234533K [0x0000000080000000, 0x0000000100000000)
  region size 1024K, 10 young (10240K), 10 survivors (10240K)
 Metaspace       used 127292K, capacity 130537K, committed 130688K, reserved 1163264K
  class space    used 16145K, capacity 17342K, committed 17356K, reserved 1048576K
}
Event: 106.400 GC heap before
{Heap before GC invocations=74 (full 0):
 garbage-first heap   total 425984K, used 340005K [0x0000000080000000, 0x0000000100000000)
  region size 1024K, 98 young (100352K), 10 survivors (10240K)
 Metaspace       used 127405K, capacity 130621K, committed 130688K, reserved 1163264K
  class space    used 16146K, capacity 17345K, committed 17356K, reserved 1048576K
}
Event: 106.412 GC heap after
{Heap after GC invocations=75 (full 0):
 garbage-first heap   total 425984K, used 239529K [0x0000000080000000, 0x0000000100000000)
  region size 1024K, 6 young (6144K), 6 survivors (6144K)
 Metaspace       used 127405K, capacity 130621K, committed 130688K, reserved 1163264K
  class space    used 16146K, capacity 17345K, committed 17356K, reserved 1048576K
}
Event: 107.462 GC heap before
{Heap before GC invocations=75 (full 0):
 garbage-first heap   total 425984K, used 363433K [0x0000000080000000, 0x0000000100000000)
  region size 1024K, 97 young (99328K), 6 survivors (6144K)
 Metaspace       used 127676K, capacity 130963K, committed 131200K, reserved 1163264K
  class space    used 16148K, capacity 17349K, committed 17356K, reserved 1048576K
}
Event: 107.478 GC heap after
{Heap after GC invocations=76 (full 0):
 garbage-first heap   total 425984K, used 272860K [0x0000000080000000, 0x0000000100000000)
  region size 1024K, 13 young (13312K), 13 survivors (13312K)
 Metaspace       used 127676K, capacity 130963K, committed 131200K, reserved 1163264K
  class space    used 16148K, capacity 17349K, committed 17356K, reserved 1048576K
}
Event: 107.612 GC heap before
{Heap before GC invocations=76 (full 0):
 garbage-first heap   total 425984K, used 338396K [0x0000000080000000, 0x0000000100000000)
  region size 1024K, 78 young (79872K), 13 survivors (13312K)
 Metaspace       used 127684K, capacity 130963K, committed 131200K, reserved 1163264K
  class space    used 16149K, capacity 17349K, committed 17356K, reserved 1048576K
}
Event: 107.665 GC heap after
{Heap after GC invocations=77 (full 0):
 garbage-first heap   total 425984K, used 306512K [0x0000000080000000, 0x0000000100000000)
  region size 1024K, 10 young (10240K), 10 survivors (10240K)
 Metaspace       used 127684K, capacity 130963K, committed 131200K, reserved 1163264K
  class space    used 16149K, capacity 17349K, committed 17356K, reserved 1048576K
}
Event: 107.936 GC heap before
{Heap before GC invocations=77 (full 0):
 garbage-first heap   total 425984K, used 345424K [0x0000000080000000, 0x0000000100000000)
  region size 1024K, 49 young (50176K), 10 survivors (10240K)
 Metaspace       used 127711K, capacity 130967K, committed 131200K, reserved 1163264K
  class space    used 16149K, capacity 17349K, committed 17356K, reserved 1048576K
}
Event: 107.965 GC heap after
{Heap after GC invocations=78 (full 0):
 garbage-first heap   total 425984K, used 318976K [0x0000000080000000, 0x0000000100000000)
  region size 1024K, 7 young (7168K), 7 survivors (7168K)
 Metaspace       used 127711K, capacity 130967K, committed 131200K, reserved 1163264K
  class space    used 16149K, capacity 17349K, committed 17356K, reserved 1048576K
}
Event: 108.187 GC heap before
{Heap before GC invocations=78 (full 0):
 garbage-first heap   total 425984K, used 344576K [0x0000000080000000, 0x0000000100000000)
  region size 1024K, 34 young (34816K), 7 survivors (7168K)
 Metaspace       used 127717K, capacity 130967K, committed 131200K, reserved 1163264K
  class space    used 16149K, capacity 17349K, committed 17356K, reserved 1048576K
}
Event: 108.203 GC heap after
{Heap after GC invocations=79 (full 0):
 garbage-first heap   total 425984K, used 324958K [0x0000000080000000, 0x0000000100000000)
  region size 1024K, 5 young (5120K), 5 survivors (5120K)
 Metaspace       used 127717K, capacity 130967K, committed 131200K, reserved 1163264K
  class space    used 16149K, capacity 17349K, committed 17356K, reserved 1048576K
}
Event: 108.718 GC heap before
{Heap before GC invocations=80 (full 0):
 garbage-first heap   total 425984K, used 294238K [0x0000000080000000, 0x0000000100000000)
  region size 1024K, 36 young (36864K), 5 survivors (5120K)
 Metaspace       used 127674K, capacity 130829K, committed 131200K, reserved 1163264K
  class space    used 16133K, capacity 17303K, committed 17356K, reserved 1048576K
}
Event: 108.741 GC heap after
{Heap after GC invocations=81 (full 0):
 garbage-first heap   total 425984K, used 265303K [0x0000000080000000, 0x0000000100000000)
  region size 1024K, 4 young (4096K), 4 survivors (4096K)
 Metaspace       used 127674K, capacity 130829K, committed 131200K, reserved 1163264K
  class space    used 16133K, capacity 17303K, committed 17356K, reserved 1048576K
}
Event: 108.972 GC heap before
{Heap before GC invocations=81 (full 0):
 garbage-first heap   total 425984K, used 281687K [0x0000000080000000, 0x0000000100000000)
  region size 1024K, 20 young (20480K), 4 survivors (4096K)
 Metaspace       used 127674K, capacity 130829K, committed 131200K, reserved 1163264K
  class space    used 16133K, capacity 17303K, committed 17356K, reserved 1048576K
}
Event: 108.984 GC heap after
{Heap after GC invocations=82 (full 0):
 garbage-first heap   total 425984K, used 227292K [0x0000000080000000, 0x0000000100000000)
  region size 1024K, 3 young (3072K), 3 survivors (3072K)
 Metaspace       used 127674K, capacity 130829K, committed 131200K, reserved 1163264K
  class space    used 16133K, capacity 17303K, committed 17356K, reserved 1048576K
}
Event: 109.138 GC heap before
{Heap before GC invocations=82 (full 0):
 garbage-first heap   total 425984K, used 250844K [0x0000000080000000, 0x0000000100000000)
  region size 1024K, 20 young (20480K), 3 survivors (3072K)
 Metaspace       used 127674K, capacity 130829K, committed 131200K, reserved 1163264K
  class space    used 16133K, capacity 17303K, committed 17356K, reserved 1048576K
}
Event: 109.152 GC heap after
{Heap after GC invocations=83 (full 0):
 garbage-first heap   total 425984K, used 203845K [0x0000000080000000, 0x0000000100000000)
  region size 1024K, 3 young (3072K), 3 survivors (3072K)
 Metaspace       used 127674K, capacity 130829K, committed 131200K, reserved 1163264K
  class space    used 16133K, capacity 17303K, committed 17356K, reserved 1048576K
}

